<!doctype html>
<html lang="en"><head><meta charSet="utf-8"/><meta http-equiv="X-UA-Compatible" content="IE=edge"/><meta name="viewport" content="width=device-width, initial-scale=1"/><title>Mochawesome Report</title><link rel="stylesheet" href="assets\app.css"/></head><body data-raw="{&quot;stats&quot;:{&quot;suites&quot;:5,&quot;tests&quot;:20,&quot;passes&quot;:9,&quot;pending&quot;:0,&quot;failures&quot;:11,&quot;start&quot;:&quot;2019-11-24T15:08:35.458Z&quot;,&quot;end&quot;:&quot;2019-11-24T15:11:13.583Z&quot;,&quot;duration&quot;:158125,&quot;testsRegistered&quot;:20,&quot;passPercent&quot;:45,&quot;pendingPercent&quot;:0,&quot;other&quot;:0,&quot;hasOther&quot;:false,&quot;skipped&quot;:0,&quot;hasSkipped&quot;:false},&quot;results&quot;:[{&quot;uuid&quot;:&quot;facc9307-24db-4529-ad68-df60dc32446b&quot;,&quot;title&quot;:&quot;&quot;,&quot;fullFile&quot;:&quot;&quot;,&quot;file&quot;:&quot;&quot;,&quot;beforeHooks&quot;:[],&quot;afterHooks&quot;:[],&quot;tests&quot;:[],&quot;suites&quot;:[{&quot;uuid&quot;:&quot;e1b7f6c5-986e-4185-924a-e2208d5cad44&quot;,&quot;title&quot;:&quot;Email field tests&quot;,&quot;fullFile&quot;:&quot;C:\\Users\\miras\\Documents\\SoftwareQualityAndStandards\\automated tests\\test\\emailfieldtests.spec.js&quot;,&quot;file&quot;:&quot;\\test\\emailfieldtests.spec.js&quot;,&quot;beforeHooks&quot;:[{&quot;title&quot;:&quot;\&quot;before each\&quot; hook&quot;,&quot;fullTitle&quot;:&quot;Email field tests \&quot;before each\&quot; hook&quot;,&quot;timedOut&quot;:false,&quot;duration&quot;:4572,&quot;pass&quot;:false,&quot;fail&quot;:false,&quot;pending&quot;:false,&quot;code&quot;:&quot;driver = await new Builder().forBrowser(&#x27;chrome&#x27;).build()\nvars = {}&quot;,&quot;err&quot;:{},&quot;uuid&quot;:&quot;ea68a958-a290-4cef-ae33-3baf52d7add1&quot;,&quot;parentUUID&quot;:&quot;e1b7f6c5-986e-4185-924a-e2208d5cad44&quot;,&quot;isHook&quot;:true,&quot;skipped&quot;:false}],&quot;afterHooks&quot;:[{&quot;title&quot;:&quot;\&quot;after each\&quot; hook&quot;,&quot;fullTitle&quot;:&quot;Email field tests \&quot;after each\&quot; hook&quot;,&quot;timedOut&quot;:false,&quot;duration&quot;:46,&quot;pass&quot;:false,&quot;fail&quot;:false,&quot;pending&quot;:false,&quot;code&quot;:&quot;await driver.quit();&quot;,&quot;err&quot;:{},&quot;uuid&quot;:&quot;9eb8d1cc-c3d9-498b-9d0e-594620d81f2a&quot;,&quot;parentUUID&quot;:&quot;e1b7f6c5-986e-4185-924a-e2208d5cad44&quot;,&quot;isHook&quot;:true,&quot;skipped&quot;:false}],&quot;tests&quot;:[{&quot;title&quot;:&quot;Email must be unique&quot;,&quot;fullTitle&quot;:&quot;Email field tests Email must be unique&quot;,&quot;timedOut&quot;:false,&quot;duration&quot;:3523,&quot;state&quot;:&quot;passed&quot;,&quot;speed&quot;:&quot;slow&quot;,&quot;pass&quot;:true,&quot;fail&quot;:false,&quot;pending&quot;:false,&quot;code&quot;:&quot;await driver.get(\&quot;http://142.93.168.34/account/register\&quot;)\nawait driver.findElement(By.css(\&quot;.op-modal--modal-container &gt; #new_user #user_login\&quot;)).sendKeys(\&quot;validUsernameNonExistent\&quot;)\nawait driver.findElement(By.css(\&quot;.op-modal--modal-container &gt; #new_user #user_firstname\&quot;)).sendKeys(\&quot;Jenette\&quot;)\nawait driver.findElement(By.css(\&quot;.op-modal--modal-container &gt; #new_user #user_lastname\&quot;)).sendKeys(\&quot;Cline\&quot;)\nawait driver.findElement(By.css(\&quot;.op-modal--modal-container &gt; #new_user #user_mail\&quot;)).sendKeys(\&quot;existing_email@mailinator.com\&quot;)\nawait driver.findElement(By.css(\&quot;.op-modal--modal-container &gt; #new_user #user_password\&quot;)).sendKeys(\&quot;password123\&quot;)\nawait driver.findElement(By.css(\&quot;.op-modal--modal-container &gt; #new_user #user_password_confirmation\&quot;)).sendKeys(\&quot;password123\&quot;)\nawait driver.findElement(By.css(\&quot;.op-modal--modal-container &gt; #new_user .-highlight\&quot;)).click()\n{\n  const elements = await driver.findElements(By.css(\&quot;.op-modal--modal-container &gt; #new_user &gt; #errorExplanation li\&quot;))\n  assert(elements.length)\n}\nassert(await driver.findElement(By.css(\&quot;.op-modal--modal-container &gt; #new_user &gt; #errorExplanation li\&quot;)).getText() == \&quot;Email has already been taken.\&quot;)\nawait driver.close()&quot;,&quot;err&quot;:{},&quot;uuid&quot;:&quot;2c6663aa-aba4-43ea-b9c5-879262fa57f2&quot;,&quot;parentUUID&quot;:&quot;e1b7f6c5-986e-4185-924a-e2208d5cad44&quot;,&quot;isHook&quot;:false,&quot;skipped&quot;:false},{&quot;title&quot;:&quot;Email must have @ in it&quot;,&quot;fullTitle&quot;:&quot;Email field tests Email must have @ in it&quot;,&quot;timedOut&quot;:false,&quot;duration&quot;:3430,&quot;state&quot;:&quot;passed&quot;,&quot;speed&quot;:&quot;slow&quot;,&quot;pass&quot;:true,&quot;fail&quot;:false,&quot;pending&quot;:false,&quot;code&quot;:&quot;await driver.get(\&quot;http://142.93.168.34/account/register\&quot;)\nawait driver.findElement(By.css(\&quot;.op-modal--modal-container &gt; #new_user #user_login\&quot;)).sendKeys(\&quot;validUsernameNonExistent\&quot;)\nawait driver.findElement(By.css(\&quot;.op-modal--modal-container &gt; #new_user #user_firstname\&quot;)).sendKeys(\&quot;Jenette\&quot;)\nawait driver.findElement(By.css(\&quot;.op-modal--modal-container &gt; #new_user #user_lastname\&quot;)).sendKeys(\&quot;Cline\&quot;)\nawait driver.findElement(By.css(\&quot;.op-modal--modal-container &gt; #new_user #user_mail\&quot;)).sendKeys(\&quot;mymailmailinator.com\&quot;)\nawait driver.findElement(By.css(\&quot;.op-modal--modal-container &gt; #new_user #user_password\&quot;)).sendKeys(\&quot;password123\&quot;)\nawait driver.findElement(By.css(\&quot;.op-modal--modal-container &gt; #new_user #user_password_confirmation\&quot;)).sendKeys(\&quot;password123\&quot;)\nawait driver.findElement(By.css(\&quot;.op-modal--modal-container &gt; #new_user .-highlight\&quot;)).click()\n{\n  const elements = await driver.findElements(By.css(\&quot;.op-modal--modal-container &gt; #new_user &gt; #errorExplanation li\&quot;))\n  assert(elements.length)\n}\nconst errorText = await driver.findElement(By.css(\&quot;.op-modal--modal-container &gt; #new_user &gt; #errorExplanation li\&quot;)).getText()\nassert(errorText == \&quot;Email is invalid.\&quot;)\nawait driver.close()&quot;,&quot;err&quot;:{},&quot;uuid&quot;:&quot;4ee99ffa-4c60-4b17-b73e-2f1ae732796f&quot;,&quot;parentUUID&quot;:&quot;e1b7f6c5-986e-4185-924a-e2208d5cad44&quot;,&quot;isHook&quot;:false,&quot;skipped&quot;:false},{&quot;title&quot;:&quot;Email should not be blank&quot;,&quot;fullTitle&quot;:&quot;Email field tests Email should not be blank&quot;,&quot;timedOut&quot;:false,&quot;duration&quot;:2294,&quot;state&quot;:&quot;passed&quot;,&quot;speed&quot;:&quot;slow&quot;,&quot;pass&quot;:true,&quot;fail&quot;:false,&quot;pending&quot;:false,&quot;code&quot;:&quot;await driver.get(\&quot;http://142.93.168.34/account/register\&quot;)\nawait driver.findElement(By.css(\&quot;.op-modal--modal-container &gt; #new_user #user_login\&quot;)).sendKeys(\&quot;janette\&quot;)\nawait driver.findElement(By.css(\&quot;.op-modal--modal-container &gt; #new_user #user_firstname\&quot;)).sendKeys(\&quot;Jenette\&quot;)\nawait driver.findElement(By.css(\&quot;.op-modal--modal-container &gt; #new_user #user_lastname\&quot;)).sendKeys(\&quot;Cline\&quot;)\nawait driver.findElement(By.css(\&quot;.op-modal--modal-container &gt; #new_user #user_password\&quot;)).sendKeys(\&quot;password123\&quot;)\nawait driver.findElement(By.css(\&quot;.op-modal--modal-container &gt; #new_user #user_password_confirmation\&quot;)).sendKeys(\&quot;password123\&quot;)\nawait driver.findElement(By.css(\&quot;.op-modal--modal-container &gt; #new_user .-highlight\&quot;)).click()\n{\n  const attribute = await driver.findElement(By.css(\&quot;.op-modal--modal-container &gt; #new_user #user_mail\&quot;)).getAttribute(\&quot;required\&quot;)\n  vars[\&quot;username_req_attr\&quot;] = attribute\n}\nvars[\&quot;passed\&quot;] = vars[\&quot;username_req_attr\&quot;] == \&quot;true\&quot; || vars[\&quot;username_req_attr\&quot;] == \&quot;required\&quot;\nassert(vars[\&quot;passed\&quot;].toString() == \&quot;true\&quot;)\nawait driver.close()&quot;,&quot;err&quot;:{},&quot;uuid&quot;:&quot;8bbec8a4-d2a0-441e-8e42-9bdd8feb6939&quot;,&quot;parentUUID&quot;:&quot;e1b7f6c5-986e-4185-924a-e2208d5cad44&quot;,&quot;isHook&quot;:false,&quot;skipped&quot;:false}],&quot;suites&quot;:[],&quot;passes&quot;:[&quot;2c6663aa-aba4-43ea-b9c5-879262fa57f2&quot;,&quot;4ee99ffa-4c60-4b17-b73e-2f1ae732796f&quot;,&quot;8bbec8a4-d2a0-441e-8e42-9bdd8feb6939&quot;],&quot;failures&quot;:[],&quot;pending&quot;:[],&quot;skipped&quot;:[],&quot;duration&quot;:9247,&quot;root&quot;:false,&quot;rootEmpty&quot;:false,&quot;_timeout&quot;:30000},{&quot;uuid&quot;:&quot;311e9331-5f2f-4816-9353-208fed0523e5&quot;,&quot;title&quot;:&quot;First name field tests&quot;,&quot;fullFile&quot;:&quot;C:\\Users\\miras\\Documents\\SoftwareQualityAndStandards\\automated tests\\test\\firstnamefieldtests.spec.js&quot;,&quot;file&quot;:&quot;\\test\\firstnamefieldtests.spec.js&quot;,&quot;beforeHooks&quot;:[{&quot;title&quot;:&quot;\&quot;before each\&quot; hook&quot;,&quot;fullTitle&quot;:&quot;First name field tests \&quot;before each\&quot; hook&quot;,&quot;timedOut&quot;:false,&quot;duration&quot;:4646,&quot;pass&quot;:false,&quot;fail&quot;:false,&quot;pending&quot;:false,&quot;code&quot;:&quot;driver = await new Builder().forBrowser(&#x27;chrome&#x27;).build()\nvars = {}&quot;,&quot;err&quot;:{},&quot;uuid&quot;:&quot;7798f9dd-4293-42a0-811f-f588641987dd&quot;,&quot;parentUUID&quot;:&quot;311e9331-5f2f-4816-9353-208fed0523e5&quot;,&quot;isHook&quot;:true,&quot;skipped&quot;:false}],&quot;afterHooks&quot;:[{&quot;title&quot;:&quot;\&quot;after each\&quot; hook&quot;,&quot;fullTitle&quot;:&quot;First name field tests \&quot;after each\&quot; hook&quot;,&quot;timedOut&quot;:false,&quot;duration&quot;:419,&quot;pass&quot;:false,&quot;fail&quot;:false,&quot;pending&quot;:false,&quot;code&quot;:&quot;await driver.quit();&quot;,&quot;err&quot;:{},&quot;uuid&quot;:&quot;78fbfba7-4745-4a9d-bec8-8a3f63e3bea9&quot;,&quot;parentUUID&quot;:&quot;311e9331-5f2f-4816-9353-208fed0523e5&quot;,&quot;isHook&quot;:true,&quot;skipped&quot;:false}],&quot;tests&quot;:[{&quot;title&quot;:&quot;First Name must not have any special characters&quot;,&quot;fullTitle&quot;:&quot;First name field tests First Name must not have any special characters&quot;,&quot;timedOut&quot;:false,&quot;duration&quot;:4579,&quot;state&quot;:&quot;failed&quot;,&quot;pass&quot;:false,&quot;fail&quot;:true,&quot;pending&quot;:false,&quot;code&quot;:&quot;await driver.get(\&quot;http://142.93.168.34/account/register\&quot;)\nawait driver.findElement(By.css(\&quot;.op-modal--modal-container &gt; #new_user #user_login\&quot;)).click()\nawait driver.findElement(By.css(\&quot;.op-modal--modal-container &gt; #new_user #user_login\&quot;)).sendKeys(\&quot;nalocer\&quot;)\nawait driver.findElement(By.css(\&quot;.op-modal--modal-container &gt; #new_user #user_firstname\&quot;)).sendKeys(\&quot;Constance+!&amp;#\&quot;)\nawait driver.findElement(By.css(\&quot;.op-modal--modal-container &gt; #new_user #user_lastname\&quot;)).sendKeys(\&quot;Richard\&quot;)\nawait driver.findElement(By.css(\&quot;.op-modal--modal-container &gt; #new_user #user_mail\&quot;)).sendKeys(\&quot;cirak3@mailinator.com\&quot;)\nawait driver.findElement(By.css(\&quot;.op-modal--modal-container &gt; #new_user #user_password\&quot;)).sendKeys(\&quot;Pa$$w0rd!123\&quot;)\nawait driver.findElement(By.css(\&quot;.op-modal--modal-container &gt; #new_user #user_password_confirmation\&quot;)).sendKeys(\&quot;Pa$$w0rd!123\&quot;)\nawait driver.findElement(By.css(\&quot;.op-modal--modal-container &gt; #new_user .-highlight\&quot;)).click()\n{\n  const elements = await driver.findElements(By.css(\&quot;.op-modal--modal-container &gt; #new_user &gt; #errorExplanation li\&quot;))\n  assert(elements.length)\n}\nassert(await driver.findElement(By.css(\&quot;.op-modal--modal-container &gt; #new_user &gt; #errorExplanation li\&quot;)).getText() == \&quot;First name is invalid.\&quot;)\nawait driver.close()&quot;,&quot;err&quot;:{&quot;message&quot;:&quot;AssertionError [ERR_ASSERTION]: false == true&quot;,&quot;estack&quot;:&quot;AssertionError [ERR_ASSERTION]: false == true\n    at Context.&lt;anonymous&gt; (test\\firstnamefieldtests.spec.js:30:5)\n    at process._tickCallback (internal/process/next_tick.js:68:7)&quot;,&quot;diff&quot;:&quot;- false\n+ true\n&quot;},&quot;uuid&quot;:&quot;cc08169a-edcf-4065-a1ba-e16154231b8b&quot;,&quot;parentUUID&quot;:&quot;311e9331-5f2f-4816-9353-208fed0523e5&quot;,&quot;isHook&quot;:false,&quot;skipped&quot;:false},{&quot;title&quot;:&quot;First Name must not have number value in it&quot;,&quot;fullTitle&quot;:&quot;First name field tests First Name must not have number value in it&quot;,&quot;timedOut&quot;:false,&quot;duration&quot;:3197,&quot;state&quot;:&quot;failed&quot;,&quot;pass&quot;:false,&quot;fail&quot;:true,&quot;pending&quot;:false,&quot;code&quot;:&quot;await driver.get(\&quot;http://142.93.168.34/account/register\&quot;)\nawait driver.findElement(By.css(\&quot;.op-modal--modal-container &gt; #new_user #user_login\&quot;)).sendKeys(\&quot;randomuser\&quot;)\nawait driver.findElement(By.css(\&quot;.op-modal--modal-container &gt; #new_user #user_firstname\&quot;)).sendKeys(\&quot;Amanda4\&quot;)\nawait driver.findElement(By.css(\&quot;.op-modal--modal-container &gt; #new_user #user_lastname\&quot;)).sendKeys(\&quot;Greer\&quot;)\nawait driver.findElement(By.css(\&quot;.op-modal--modal-container &gt; #new_user #user_mail\&quot;)).sendKeys(\&quot;xadofuc1@mailinator.com\&quot;)\nawait driver.findElement(By.css(\&quot;.op-modal--modal-container &gt; #new_user #user_password\&quot;)).sendKeys(\&quot;Pa$$w0rd!123\&quot;)\nawait driver.findElement(By.css(\&quot;.op-modal--modal-container &gt; #new_user #user_password_confirmation\&quot;)).sendKeys(\&quot;Pa$$w0rd!123\&quot;)\nawait driver.findElement(By.css(\&quot;.op-modal--modal-container &gt; #new_user .-highlight\&quot;)).click()\n{\n  const elements = await driver.findElements(By.css(\&quot;.op-modal--modal-container &gt; #new_user &gt; #errorExplanation li\&quot;))\n  assert(elements.length)\n}\nassert(await driver.findElement(By.css(\&quot;.op-modal--modal-container &gt; #new_user &gt; #errorExplanation li\&quot;)).getText() == \&quot;First name is invalid.\&quot;)\nawait driver.close()&quot;,&quot;err&quot;:{&quot;message&quot;:&quot;AssertionError [ERR_ASSERTION]: false == true&quot;,&quot;estack&quot;:&quot;AssertionError [ERR_ASSERTION]: false == true\n    at Context.&lt;anonymous&gt; (test\\firstnamefieldtests.spec.js:46:5)\n    at process._tickCallback (internal/process/next_tick.js:68:7)&quot;,&quot;diff&quot;:&quot;- false\n+ true\n&quot;},&quot;uuid&quot;:&quot;da9147c9-362f-4671-b9ea-fb9fe817f526&quot;,&quot;parentUUID&quot;:&quot;311e9331-5f2f-4816-9353-208fed0523e5&quot;,&quot;isHook&quot;:false,&quot;skipped&quot;:false},{&quot;title&quot;:&quot;First name should not be blank&quot;,&quot;fullTitle&quot;:&quot;First name field tests First name should not be blank&quot;,&quot;timedOut&quot;:false,&quot;duration&quot;:2468,&quot;state&quot;:&quot;passed&quot;,&quot;speed&quot;:&quot;slow&quot;,&quot;pass&quot;:true,&quot;fail&quot;:false,&quot;pending&quot;:false,&quot;code&quot;:&quot;await driver.get(\&quot;http://142.93.168.34/account/register\&quot;)\nawait driver.findElement(By.css(\&quot;.op-modal--modal-container &gt; #new_user #user_login\&quot;)).sendKeys(\&quot;jenette\&quot;)\nawait driver.findElement(By.css(\&quot;.op-modal--modal-container &gt; #new_user #user_lastname\&quot;)).sendKeys(\&quot;Cline\&quot;)\nawait driver.findElement(By.css(\&quot;.op-modal--modal-container &gt; #new_user #user_mail\&quot;)).sendKeys(\&quot;rabeful@mailinator.com\&quot;)\nawait driver.findElement(By.css(\&quot;.op-modal--modal-container &gt; #new_user #user_password\&quot;)).sendKeys(\&quot;password123\&quot;)\nawait driver.findElement(By.css(\&quot;.op-modal--modal-container &gt; #new_user #user_password_confirmation\&quot;)).sendKeys(\&quot;password123\&quot;)\nawait driver.findElement(By.css(\&quot;.op-modal--modal-container &gt; #new_user .-highlight\&quot;)).click()\n{\n  const attribute = await driver.findElement(By.css(\&quot;.op-modal--modal-container &gt; #new_user #user_firstname\&quot;)).getAttribute(\&quot;required\&quot;)\n  vars[\&quot;username_req_attr\&quot;] = attribute\n}\n// vars[\&quot;passed\&quot;]  = await driver.executeScript(\&quot;return arguments[0] == true || arguments[0] == \\\&quot;required\\\&quot;\&quot;, vars[\&quot;username_req_attr\&quot;])\nvars[\&quot;passed\&quot;] = vars[\&quot;username_req_attr\&quot;] == \&quot;true\&quot; || vars[\&quot;username_req_attr\&quot;] == \&quot;required\&quot;\nassert(vars[\&quot;passed\&quot;].toString() == \&quot;true\&quot;)\nawait driver.close()&quot;,&quot;err&quot;:{},&quot;uuid&quot;:&quot;9f7e917c-af86-449f-a35f-ff51a92cd935&quot;,&quot;parentUUID&quot;:&quot;311e9331-5f2f-4816-9353-208fed0523e5&quot;,&quot;isHook&quot;:false,&quot;skipped&quot;:false}],&quot;suites&quot;:[],&quot;passes&quot;:[&quot;9f7e917c-af86-449f-a35f-ff51a92cd935&quot;],&quot;failures&quot;:[&quot;cc08169a-edcf-4065-a1ba-e16154231b8b&quot;,&quot;da9147c9-362f-4671-b9ea-fb9fe817f526&quot;],&quot;pending&quot;:[],&quot;skipped&quot;:[],&quot;duration&quot;:10244,&quot;root&quot;:false,&quot;rootEmpty&quot;:false,&quot;_timeout&quot;:30000},{&quot;uuid&quot;:&quot;4aee493b-5335-44e6-9b53-fe5166d945b0&quot;,&quot;title&quot;:&quot;Last name field tests&quot;,&quot;fullFile&quot;:&quot;C:\\Users\\miras\\Documents\\SoftwareQualityAndStandards\\automated tests\\test\\lastnamefieldtests.spec.js&quot;,&quot;file&quot;:&quot;\\test\\lastnamefieldtests.spec.js&quot;,&quot;beforeHooks&quot;:[{&quot;title&quot;:&quot;\&quot;before each\&quot; hook&quot;,&quot;fullTitle&quot;:&quot;Last name field tests \&quot;before each\&quot; hook&quot;,&quot;timedOut&quot;:false,&quot;duration&quot;:4593,&quot;pass&quot;:false,&quot;fail&quot;:false,&quot;pending&quot;:false,&quot;code&quot;:&quot;driver = await new Builder().forBrowser(&#x27;chrome&#x27;).build()\nvars = {}&quot;,&quot;err&quot;:{},&quot;uuid&quot;:&quot;c988cd09-8e03-49d6-aed1-11453bb8dbbc&quot;,&quot;parentUUID&quot;:&quot;4aee493b-5335-44e6-9b53-fe5166d945b0&quot;,&quot;isHook&quot;:true,&quot;skipped&quot;:false}],&quot;afterHooks&quot;:[{&quot;title&quot;:&quot;\&quot;after each\&quot; hook&quot;,&quot;fullTitle&quot;:&quot;Last name field tests \&quot;after each\&quot; hook&quot;,&quot;timedOut&quot;:false,&quot;duration&quot;:44,&quot;pass&quot;:false,&quot;fail&quot;:false,&quot;pending&quot;:false,&quot;code&quot;:&quot;await driver.quit();&quot;,&quot;err&quot;:{},&quot;uuid&quot;:&quot;e84353ba-7caf-40a6-b630-a735fb447c36&quot;,&quot;parentUUID&quot;:&quot;4aee493b-5335-44e6-9b53-fe5166d945b0&quot;,&quot;isHook&quot;:true,&quot;skipped&quot;:false}],&quot;tests&quot;:[{&quot;title&quot;:&quot;Last name should not be blank&quot;,&quot;fullTitle&quot;:&quot;Last name field tests Last name should not be blank&quot;,&quot;timedOut&quot;:false,&quot;duration&quot;:2441,&quot;state&quot;:&quot;passed&quot;,&quot;speed&quot;:&quot;slow&quot;,&quot;pass&quot;:true,&quot;fail&quot;:false,&quot;pending&quot;:false,&quot;code&quot;:&quot;await driver.get(\&quot;http://142.93.168.34/account/register\&quot;)\nawait driver.findElement(By.css(\&quot;.op-modal--modal-container &gt; #new_user #user_login\&quot;)).sendKeys(\&quot;jenette123\&quot;)\nawait driver.findElement(By.css(\&quot;.op-modal--modal-container &gt; #new_user #user_firstname\&quot;)).sendKeys(\&quot;Cline\&quot;)\nawait driver.findElement(By.css(\&quot;.op-modal--modal-container &gt; #new_user #user_mail\&quot;)).sendKeys(\&quot;rabeful@mailinator.com\&quot;)\nawait driver.findElement(By.css(\&quot;.op-modal--modal-container &gt; #new_user #user_password\&quot;)).sendKeys(\&quot;password123\&quot;)\nawait driver.findElement(By.css(\&quot;.op-modal--modal-container &gt; #new_user #user_password_confirmation\&quot;)).sendKeys(\&quot;password123\&quot;)\nawait driver.findElement(By.css(\&quot;.op-modal--modal-container &gt; #new_user .-highlight\&quot;)).click()\n{\n  const attribute = await driver.findElement(By.css(\&quot;.op-modal--modal-container &gt; #new_user #user_lastname\&quot;)).getAttribute(\&quot;required\&quot;)\n  vars[\&quot;username_req_attr\&quot;] = attribute\n}\nvars[\&quot;passed\&quot;] = vars[\&quot;username_req_attr\&quot;] == \&quot;true\&quot; || vars[\&quot;username_req_attr\&quot;] == \&quot;required\&quot;\nassert(vars[\&quot;passed\&quot;].toString() == \&quot;true\&quot;)\nawait driver.close()&quot;,&quot;err&quot;:{},&quot;uuid&quot;:&quot;4132b21a-bfd2-4e4d-a882-c91c20f979af&quot;,&quot;parentUUID&quot;:&quot;4aee493b-5335-44e6-9b53-fe5166d945b0&quot;,&quot;isHook&quot;:false,&quot;skipped&quot;:false},{&quot;title&quot;:&quot;Last Name must not have any special characters&quot;,&quot;fullTitle&quot;:&quot;Last name field tests Last Name must not have any special characters&quot;,&quot;timedOut&quot;:false,&quot;duration&quot;:3138,&quot;state&quot;:&quot;failed&quot;,&quot;pass&quot;:false,&quot;fail&quot;:true,&quot;pending&quot;:false,&quot;code&quot;:&quot;await driver.get(\&quot;http://142.93.168.34/account/register\&quot;)\nawait driver.findElement(By.css(\&quot;.op-modal--modal-container &gt; #new_user #user_login\&quot;)).click()\nawait driver.findElement(By.css(\&quot;.op-modal--modal-container &gt; #new_user #user_login\&quot;)).sendKeys(\&quot;nalocer\&quot;)\nawait driver.findElement(By.css(\&quot;.op-modal--modal-container &gt; #new_user #user_firstname\&quot;)).sendKeys(\&quot;Constance\&quot;)\nawait driver.findElement(By.css(\&quot;.op-modal--modal-container &gt; #new_user #user_lastname\&quot;)).sendKeys(\&quot;Richard+!&amp;$*#\&quot;)\nawait driver.findElement(By.css(\&quot;.op-modal--modal-container &gt; #new_user #user_mail\&quot;)).sendKeys(\&quot;cirak3@mailinator.com\&quot;)\nawait driver.findElement(By.css(\&quot;.op-modal--modal-container &gt; #new_user #user_password\&quot;)).sendKeys(\&quot;Pa$$w0rd!123\&quot;)\nawait driver.findElement(By.css(\&quot;.op-modal--modal-container &gt; #new_user #user_password_confirmation\&quot;)).sendKeys(\&quot;Pa$$w0rd!123\&quot;)\nawait driver.findElement(By.css(\&quot;.op-modal--modal-container &gt; #new_user .-highlight\&quot;)).click()\n{\n  const elements = await driver.findElements(By.css(\&quot;.op-modal--modal-container &gt; #new_user &gt; #errorExplanation li\&quot;))\n  assert(elements.length)\n}\nassert(await driver.findElement(By.css(\&quot;.op-modal--modal-container &gt; #new_user &gt; #errorExplanation li\&quot;)).getText() == \&quot;Last name is invalid.\&quot;)\nawait driver.close()&quot;,&quot;err&quot;:{&quot;message&quot;:&quot;AssertionError [ERR_ASSERTION]: false == true&quot;,&quot;estack&quot;:&quot;AssertionError [ERR_ASSERTION]: false == true\n    at Context.&lt;anonymous&gt; (test\\lastnamefieldtests.spec.js:46:5)\n    at process._tickCallback (internal/process/next_tick.js:68:7)&quot;,&quot;diff&quot;:&quot;- false\n+ true\n&quot;},&quot;uuid&quot;:&quot;29b026d8-449b-4d41-bf8c-94100254ce5b&quot;,&quot;parentUUID&quot;:&quot;4aee493b-5335-44e6-9b53-fe5166d945b0&quot;,&quot;isHook&quot;:false,&quot;skipped&quot;:false},{&quot;title&quot;:&quot;Last Name must not have number value in it&quot;,&quot;fullTitle&quot;:&quot;Last name field tests Last Name must not have number value in it&quot;,&quot;timedOut&quot;:false,&quot;duration&quot;:3199,&quot;state&quot;:&quot;failed&quot;,&quot;pass&quot;:false,&quot;fail&quot;:true,&quot;pending&quot;:false,&quot;code&quot;:&quot;await driver.get(\&quot;http://142.93.168.34/account/register\&quot;)\nawait driver.findElement(By.css(\&quot;.op-modal--modal-container &gt; #new_user #user_login\&quot;)).sendKeys(\&quot;randomuser\&quot;)\nawait driver.findElement(By.css(\&quot;.op-modal--modal-container &gt; #new_user #user_firstname\&quot;)).sendKeys(\&quot;Amanda\&quot;)\nawait driver.findElement(By.css(\&quot;.op-modal--modal-container &gt; #new_user #user_lastname\&quot;)).sendKeys(\&quot;Greer123\&quot;)\nawait driver.findElement(By.css(\&quot;.op-modal--modal-container &gt; #new_user #user_mail\&quot;)).sendKeys(\&quot;xadofuc1@mailinator.com\&quot;)\nawait driver.findElement(By.css(\&quot;.op-modal--modal-container &gt; #new_user #user_password\&quot;)).sendKeys(\&quot;Pa$$w0rd!123\&quot;)\nawait driver.findElement(By.css(\&quot;.op-modal--modal-container &gt; #new_user #user_password_confirmation\&quot;)).sendKeys(\&quot;Pa$$w0rd!123\&quot;)\nawait driver.findElement(By.css(\&quot;.op-modal--modal-container &gt; #new_user .-highlight\&quot;)).click()\n{\n  const elements = await driver.findElements(By.css(\&quot;.op-modal--modal-container &gt; #new_user &gt; #errorExplanation li\&quot;))\n  assert(elements.length)\n}\nassert(await driver.findElement(By.css(\&quot;.op-modal--modal-container &gt; #new_user &gt; #errorExplanation li\&quot;)).getText() == \&quot;Last name is invalid.\&quot;)\nawait driver.close()&quot;,&quot;err&quot;:{&quot;message&quot;:&quot;AssertionError [ERR_ASSERTION]: false == true&quot;,&quot;estack&quot;:&quot;AssertionError [ERR_ASSERTION]: false == true\n    at Context.&lt;anonymous&gt; (test\\lastnamefieldtests.spec.js:62:5)\n    at process._tickCallback (internal/process/next_tick.js:68:7)&quot;,&quot;diff&quot;:&quot;- false\n+ true\n&quot;},&quot;uuid&quot;:&quot;b06d67a1-f448-4af8-88b2-6a8cc5c6d505&quot;,&quot;parentUUID&quot;:&quot;4aee493b-5335-44e6-9b53-fe5166d945b0&quot;,&quot;isHook&quot;:false,&quot;skipped&quot;:false}],&quot;suites&quot;:[],&quot;passes&quot;:[&quot;4132b21a-bfd2-4e4d-a882-c91c20f979af&quot;],&quot;failures&quot;:[&quot;29b026d8-449b-4d41-bf8c-94100254ce5b&quot;,&quot;b06d67a1-f448-4af8-88b2-6a8cc5c6d505&quot;],&quot;pending&quot;:[],&quot;skipped&quot;:[],&quot;duration&quot;:8778,&quot;root&quot;:false,&quot;rootEmpty&quot;:false,&quot;_timeout&quot;:30000},{&quot;uuid&quot;:&quot;513ce4b9-13cb-4518-a360-58481734c5c8&quot;,&quot;title&quot;:&quot;Password field tests&quot;,&quot;fullFile&quot;:&quot;C:\\Users\\miras\\Documents\\SoftwareQualityAndStandards\\automated tests\\test\\passwordfieldtests.spec.js&quot;,&quot;file&quot;:&quot;\\test\\passwordfieldtests.spec.js&quot;,&quot;beforeHooks&quot;:[{&quot;title&quot;:&quot;\&quot;before each\&quot; hook&quot;,&quot;fullTitle&quot;:&quot;Password field tests \&quot;before each\&quot; hook&quot;,&quot;timedOut&quot;:false,&quot;duration&quot;:4588,&quot;pass&quot;:false,&quot;fail&quot;:false,&quot;pending&quot;:false,&quot;code&quot;:&quot;driver = await new Builder().forBrowser(&#x27;chrome&#x27;).build()\nvars = {}&quot;,&quot;err&quot;:{},&quot;uuid&quot;:&quot;4efe291e-b5fe-4517-bfc2-bce8a5dcbfff&quot;,&quot;parentUUID&quot;:&quot;513ce4b9-13cb-4518-a360-58481734c5c8&quot;,&quot;isHook&quot;:true,&quot;skipped&quot;:false}],&quot;afterHooks&quot;:[{&quot;title&quot;:&quot;\&quot;after each\&quot; hook&quot;,&quot;fullTitle&quot;:&quot;Password field tests \&quot;after each\&quot; hook&quot;,&quot;timedOut&quot;:false,&quot;duration&quot;:38,&quot;pass&quot;:false,&quot;fail&quot;:false,&quot;pending&quot;:false,&quot;code&quot;:&quot;await driver.quit();&quot;,&quot;err&quot;:{},&quot;uuid&quot;:&quot;0ab7ac71-3fdb-40d4-91b3-5b275a3c90f9&quot;,&quot;parentUUID&quot;:&quot;513ce4b9-13cb-4518-a360-58481734c5c8&quot;,&quot;isHook&quot;:true,&quot;skipped&quot;:false}],&quot;tests&quot;:[{&quot;title&quot;:&quot;Confirm Password must be exactly same as Password&quot;,&quot;fullTitle&quot;:&quot;Password field tests Confirm Password must be exactly same as Password&quot;,&quot;timedOut&quot;:false,&quot;duration&quot;:3001,&quot;state&quot;:&quot;failed&quot;,&quot;pass&quot;:false,&quot;fail&quot;:true,&quot;pending&quot;:false,&quot;code&quot;:&quot;await driver.get(\&quot;http://142.93.168.34/account/register\&quot;)\nawait driver.findElement(By.css(\&quot;.op-modal--modal-container &gt; #new_user #user_login\&quot;)).sendKeys(\&quot;typevi\&quot;)\nawait driver.findElement(By.css(\&quot;.op-modal--modal-container &gt; #new_user #user_firstname\&quot;)).sendKeys(\&quot;George\&quot;)\nawait driver.findElement(By.css(\&quot;.op-modal--modal-container &gt; #new_user #user_lastname\&quot;)).sendKeys(\&quot;Jerry\&quot;)\nawait driver.findElement(By.css(\&quot;.op-modal--modal-container &gt; #new_user #user_mail\&quot;)).sendKeys(\&quot;noteveju@mailinator.net\&quot;)\nawait driver.findElement(By.css(\&quot;.op-modal--modal-container &gt; #new_user #user_password\&quot;)).sendKeys(\&quot;password123\&quot;)\nawait driver.findElement(By.css(\&quot;.op-modal--modal-container &gt; #new_user #user_password_confirmation\&quot;)).sendKeys(\&quot;differentpassword\&quot;)\nawait driver.findElement(By.css(\&quot;.op-modal--modal-container &gt; #new_user .-highlight\&quot;)).click()\n{\n  const elements = await driver.findElements(By.css(\&quot;.op-modal--modal-container &gt; #new_user &gt; #errorExplanation li\&quot;))\n  assert(elements.length)\n}\nassert(await driver.findElement(By.css(\&quot;.op-modal--modal-container &gt; #new_user &gt; #errorExplanation li\&quot;)).getText() == \&quot;Confirmation doesn\\\\\\&#x27;t match Password.\&quot;)\nawait driver.close()&quot;,&quot;err&quot;:{&quot;message&quot;:&quot;AssertionError [ERR_ASSERTION]: false == true&quot;,&quot;estack&quot;:&quot;AssertionError [ERR_ASSERTION]: false == true\n    at Context.&lt;anonymous&gt; (test\\passwordfieldtests.spec.js:29:5)\n    at process._tickCallback (internal/process/next_tick.js:68:7)&quot;,&quot;diff&quot;:&quot;- false\n+ true\n&quot;},&quot;uuid&quot;:&quot;146a14d9-1d60-418a-b612-01e2281ecc88&quot;,&quot;parentUUID&quot;:&quot;513ce4b9-13cb-4518-a360-58481734c5c8&quot;,&quot;isHook&quot;:false,&quot;skipped&quot;:false},{&quot;title&quot;:&quot;Confirm Password must not be blank&quot;,&quot;fullTitle&quot;:&quot;Password field tests Confirm Password must not be blank&quot;,&quot;timedOut&quot;:false,&quot;duration&quot;:2451,&quot;state&quot;:&quot;passed&quot;,&quot;speed&quot;:&quot;slow&quot;,&quot;pass&quot;:true,&quot;fail&quot;:false,&quot;pending&quot;:false,&quot;code&quot;:&quot;await driver.get(\&quot;http://142.93.168.34/account/register\&quot;)\nawait driver.findElement(By.css(\&quot;.op-modal--modal-container &gt; #new_user #user_login\&quot;)).sendKeys(\&quot;typevi\&quot;)\nawait driver.findElement(By.css(\&quot;.op-modal--modal-container &gt; #new_user #user_firstname\&quot;)).sendKeys(\&quot;George\&quot;)\nawait driver.findElement(By.css(\&quot;.op-modal--modal-container &gt; #new_user #user_lastname\&quot;)).sendKeys(\&quot;Jerry\&quot;)\nawait driver.findElement(By.css(\&quot;.op-modal--modal-container &gt; #new_user #user_mail\&quot;)).sendKeys(\&quot;noteveju@mailinator.net\&quot;)\nawait driver.findElement(By.css(\&quot;.op-modal--modal-container &gt; #new_user #user_password\&quot;)).sendKeys(\&quot;password123\&quot;)\nawait driver.findElement(By.css(\&quot;.op-modal--modal-container &gt; #new_user .-highlight\&quot;)).click()\n{\n  const attribute = await driver.findElement(By.css(\&quot;.op-modal--modal-container &gt; #new_user #user_password_confirmation\&quot;)).getAttribute(\&quot;required\&quot;)\n  vars[\&quot;username_req_attr\&quot;] = attribute\n}\nvars[\&quot;passed\&quot;] = vars[\&quot;username_req_attr\&quot;] == \&quot;true\&quot; || vars[\&quot;username_req_attr\&quot;] == \&quot;required\&quot;\nassert(vars[\&quot;passed\&quot;].toString() == \&quot;true\&quot;)\nawait driver.close()&quot;,&quot;err&quot;:{},&quot;uuid&quot;:&quot;4c932b06-6963-4e8a-b9a9-ac0f6765b97b&quot;,&quot;parentUUID&quot;:&quot;513ce4b9-13cb-4518-a360-58481734c5c8&quot;,&quot;isHook&quot;:false,&quot;skipped&quot;:false},{&quot;title&quot;:&quot;Password must be minimum 10 characters long&quot;,&quot;fullTitle&quot;:&quot;Password field tests Password must be minimum 10 characters long&quot;,&quot;timedOut&quot;:false,&quot;duration&quot;:3322,&quot;state&quot;:&quot;passed&quot;,&quot;speed&quot;:&quot;slow&quot;,&quot;pass&quot;:true,&quot;fail&quot;:false,&quot;pending&quot;:false,&quot;code&quot;:&quot;await driver.get(\&quot;http://142.93.168.34/account/register\&quot;)\nawait driver.findElement(By.css(\&quot;.op-modal--modal-container &gt; #new_user #user_login\&quot;)).sendKeys(\&quot;dafffy\&quot;)\nawait driver.findElement(By.css(\&quot;.op-modal--modal-container &gt; #new_user #user_firstname\&quot;)).sendKeys(\&quot;Ebony\&quot;)\nawait driver.findElement(By.css(\&quot;.op-modal--modal-container &gt; #new_user #user_lastname\&quot;)).sendKeys(\&quot;Fuller\&quot;)\nawait driver.findElement(By.css(\&quot;.op-modal--modal-container &gt; #new_user #user_mail\&quot;)).sendKeys(\&quot;lolo@mailinator.com\&quot;)\nawait driver.findElement(By.css(\&quot;.op-modal--modal-container &gt; #new_user #user_password\&quot;)).sendKeys(\&quot;shortpass\&quot;)\nawait driver.findElement(By.css(\&quot;.op-modal--modal-container &gt; #new_user #user_password_confirmation\&quot;)).sendKeys(\&quot;shortpass\&quot;)\nawait driver.findElement(By.css(\&quot;.op-modal--modal-container &gt; #new_user .-highlight\&quot;)).click()\n{\n  const elements = await driver.findElements(By.css(\&quot;.op-modal--modal-container &gt; #new_user &gt; #errorExplanation li\&quot;))\n  assert(elements.length)\n}\nassert(await driver.findElement(By.css(\&quot;.op-modal--modal-container &gt; #new_user &gt; #errorExplanation li\&quot;)).getText() == \&quot;Password is too short (minimum is 10 characters).\&quot;)\nawait driver.close()&quot;,&quot;err&quot;:{},&quot;uuid&quot;:&quot;dd79cc60-4722-4a91-8399-ec526cc33043&quot;,&quot;parentUUID&quot;:&quot;513ce4b9-13cb-4518-a360-58481734c5c8&quot;,&quot;isHook&quot;:false,&quot;skipped&quot;:false},{&quot;title&quot;:&quot;Password must contain numbers&quot;,&quot;fullTitle&quot;:&quot;Password field tests Password must contain numbers&quot;,&quot;timedOut&quot;:false,&quot;duration&quot;:3707,&quot;state&quot;:&quot;failed&quot;,&quot;pass&quot;:false,&quot;fail&quot;:true,&quot;pending&quot;:false,&quot;code&quot;:&quot;await driver.get(\&quot;http://142.93.168.34/account/register\&quot;)\nawait driver.findElement(By.css(\&quot;.op-modal--modal-container &gt; #new_user #user_login\&quot;)).sendKeys(\&quot;nonexistentuser\&quot;)\nawait driver.findElement(By.css(\&quot;.op-modal--modal-container &gt; #new_user #user_firstname\&quot;)).sendKeys(\&quot;Amanda\&quot;)\nawait driver.findElement(By.css(\&quot;.op-modal--modal-container &gt; #new_user #user_lastname\&quot;)).sendKeys(\&quot;Greer\&quot;)\nawait driver.findElement(By.css(\&quot;.op-modal--modal-container &gt; #new_user #user_mail\&quot;)).sendKeys(\&quot;xado@mailinator.com\&quot;)\nawait driver.findElement(By.css(\&quot;.op-modal--modal-container &gt; #new_user #user_password\&quot;)).sendKeys(\&quot;passWithoutNumbers\&quot;)\nawait driver.findElement(By.css(\&quot;.op-modal--modal-container &gt; #new_user #user_password_confirmation\&quot;)).sendKeys(\&quot;passWithoutNumbers\&quot;)\nawait driver.findElement(By.css(\&quot;.op-modal--modal-container &gt; #new_user .-highlight\&quot;)).click()\n{\n  const elements = await driver.findElements(By.css(\&quot;.op-modal--modal-container &gt; #new_user &gt; #errorExplanation li\&quot;))\n  assert(elements.length)\n}\nassert(await driver.findElement(By.css(\&quot;.op-modal--modal-container &gt; #new_user &gt; #errorExplanation li\&quot;)).getText() == \&quot;Password must also contain numbers.\&quot;)\nawait driver.close()&quot;,&quot;err&quot;:{&quot;message&quot;:&quot;AssertionError [ERR_ASSERTION]: false == true&quot;,&quot;estack&quot;:&quot;AssertionError [ERR_ASSERTION]: false == true\n    at Context.&lt;anonymous&gt; (test\\passwordfieldtests.spec.js:77:5)\n    at process._tickCallback (internal/process/next_tick.js:68:7)&quot;,&quot;diff&quot;:&quot;- false\n+ true\n&quot;},&quot;uuid&quot;:&quot;9508035c-8c5b-45b3-bc74-be1ae9986045&quot;,&quot;parentUUID&quot;:&quot;513ce4b9-13cb-4518-a360-58481734c5c8&quot;,&quot;isHook&quot;:false,&quot;skipped&quot;:false},{&quot;title&quot;:&quot;Password must contain special characters&quot;,&quot;fullTitle&quot;:&quot;Password field tests Password must contain special characters&quot;,&quot;timedOut&quot;:false,&quot;duration&quot;:3404,&quot;state&quot;:&quot;failed&quot;,&quot;pass&quot;:false,&quot;fail&quot;:true,&quot;pending&quot;:false,&quot;code&quot;:&quot;await driver.get(\&quot;http://142.93.168.34/account/register\&quot;)\nawait driver.findElement(By.css(\&quot;.op-modal--modal-container &gt; #new_user #user_login\&quot;)).sendKeys(\&quot;nonexistentuser\&quot;)\nawait driver.findElement(By.css(\&quot;.op-modal--modal-container &gt; #new_user #user_firstname\&quot;)).sendKeys(\&quot;Amanda\&quot;)\nawait driver.findElement(By.css(\&quot;.op-modal--modal-container &gt; #new_user #user_lastname\&quot;)).sendKeys(\&quot;Greer\&quot;)\nawait driver.findElement(By.css(\&quot;.op-modal--modal-container &gt; #new_user #user_mail\&quot;)).sendKeys(\&quot;xado@mailinator.com\&quot;)\nawait driver.findElement(By.css(\&quot;.op-modal--modal-container &gt; #new_user #user_password\&quot;)).sendKeys(\&quot;pa$$with0uppercase\&quot;)\nawait driver.findElement(By.css(\&quot;.op-modal--modal-container &gt; #new_user #user_password_confirmation\&quot;)).sendKeys(\&quot;pa$$with0uppercase\&quot;)\nawait driver.findElement(By.css(\&quot;.op-modal--modal-container &gt; #new_user .-highlight\&quot;)).click()\n{\n  const elements = await driver.findElements(By.css(\&quot;.op-modal--modal-container &gt; #new_user &gt; #errorExplanation li\&quot;))\n  assert(elements.length)\n}\nassert(await driver.findElement(By.css(\&quot;.op-modal--modal-container &gt; #new_user &gt; #errorExplanation li\&quot;)).getText() == \&quot;Password must also contain uppercase characters\&quot;)\nawait driver.close()&quot;,&quot;err&quot;:{&quot;message&quot;:&quot;AssertionError [ERR_ASSERTION]: false == true&quot;,&quot;estack&quot;:&quot;AssertionError [ERR_ASSERTION]: false == true\n    at Context.&lt;anonymous&gt; (test\\passwordfieldtests.spec.js:93:5)\n    at process._tickCallback (internal/process/next_tick.js:68:7)&quot;,&quot;diff&quot;:&quot;- false\n+ true\n&quot;},&quot;uuid&quot;:&quot;9e34f1ff-7e6c-49f7-9f33-a2616720c363&quot;,&quot;parentUUID&quot;:&quot;513ce4b9-13cb-4518-a360-58481734c5c8&quot;,&quot;isHook&quot;:false,&quot;skipped&quot;:false},{&quot;title&quot;:&quot;Password must contain uppercase characters&quot;,&quot;fullTitle&quot;:&quot;Password field tests Password must contain uppercase characters&quot;,&quot;timedOut&quot;:false,&quot;duration&quot;:3272,&quot;state&quot;:&quot;failed&quot;,&quot;pass&quot;:false,&quot;fail&quot;:true,&quot;pending&quot;:false,&quot;code&quot;:&quot;await driver.get(\&quot;http://142.93.168.34/account/register\&quot;)\nawait driver.findElement(By.css(\&quot;.op-modal--modal-container &gt; #new_user #user_login\&quot;)).sendKeys(\&quot;nonexistentuser\&quot;)\nawait driver.findElement(By.css(\&quot;.op-modal--modal-container &gt; #new_user #user_firstname\&quot;)).sendKeys(\&quot;Amanda\&quot;)\nawait driver.findElement(By.css(\&quot;.op-modal--modal-container &gt; #new_user #user_lastname\&quot;)).sendKeys(\&quot;Greer\&quot;)\nawait driver.findElement(By.css(\&quot;.op-modal--modal-container &gt; #new_user #user_mail\&quot;)).sendKeys(\&quot;xado@mailinator.com\&quot;)\nawait driver.findElement(By.css(\&quot;.op-modal--modal-container &gt; #new_user #user_password\&quot;)).sendKeys(\&quot;passWithoutSpecialChars\&quot;)\nawait driver.findElement(By.css(\&quot;.op-modal--modal-container &gt; #new_user #user_password_confirmation\&quot;)).sendKeys(\&quot;passWithoutSpecialChars\&quot;)\nawait driver.findElement(By.css(\&quot;.op-modal--modal-container &gt; #new_user .-highlight\&quot;)).click()\n{\n  const elements = await driver.findElements(By.css(\&quot;.op-modal--modal-container &gt; #new_user &gt; #errorExplanation li\&quot;))\n  assert(elements.length)\n}\nassert(await driver.findElement(By.css(\&quot;.op-modal--modal-container &gt; #new_user &gt; #errorExplanation li\&quot;)).getText() == \&quot;Password must also contain special characters\&quot;)\nawait driver.close()&quot;,&quot;err&quot;:{&quot;message&quot;:&quot;AssertionError [ERR_ASSERTION]: false == true&quot;,&quot;estack&quot;:&quot;AssertionError [ERR_ASSERTION]: false == true\n    at Context.&lt;anonymous&gt; (test\\passwordfieldtests.spec.js:109:5)\n    at process._tickCallback (internal/process/next_tick.js:68:7)&quot;,&quot;diff&quot;:&quot;- false\n+ true\n&quot;},&quot;uuid&quot;:&quot;f17750ba-0515-49b1-addc-84f69a95adb2&quot;,&quot;parentUUID&quot;:&quot;513ce4b9-13cb-4518-a360-58481734c5c8&quot;,&quot;isHook&quot;:false,&quot;skipped&quot;:false},{&quot;title&quot;:&quot;Password must not be blank&quot;,&quot;fullTitle&quot;:&quot;Password field tests Password must not be blank&quot;,&quot;timedOut&quot;:false,&quot;duration&quot;:2490,&quot;state&quot;:&quot;passed&quot;,&quot;speed&quot;:&quot;slow&quot;,&quot;pass&quot;:true,&quot;fail&quot;:false,&quot;pending&quot;:false,&quot;code&quot;:&quot;await driver.get(\&quot;http://142.93.168.34/account/register\&quot;)\nawait driver.findElement(By.css(\&quot;.op-modal--modal-container &gt; #new_user #user_login\&quot;)).sendKeys(\&quot;typevi\&quot;)\nawait driver.findElement(By.css(\&quot;.op-modal--modal-container &gt; #new_user #user_firstname\&quot;)).sendKeys(\&quot;George\&quot;)\nawait driver.findElement(By.css(\&quot;.op-modal--modal-container &gt; #new_user #user_lastname\&quot;)).sendKeys(\&quot;Jerry\&quot;)\nawait driver.findElement(By.css(\&quot;.op-modal--modal-container &gt; #new_user #user_mail\&quot;)).sendKeys(\&quot;noteveju@mailinator.net\&quot;)\nawait driver.findElement(By.css(\&quot;.op-modal--modal-container &gt; #new_user #user_password_confirmation\&quot;)).sendKeys(\&quot;password123\&quot;)\nawait driver.findElement(By.css(\&quot;.op-modal--modal-container &gt; #new_user .-highlight\&quot;)).click()\n{\n  const attribute = await driver.findElement(By.css(\&quot;.op-modal--modal-container &gt; #new_user #user_password\&quot;)).getAttribute(\&quot;required\&quot;)\n  vars[\&quot;username_req_attr\&quot;] = attribute\n}\nvars[\&quot;passed\&quot;] = vars[\&quot;username_req_attr\&quot;] == \&quot;true\&quot; || vars[\&quot;username_req_attr\&quot;] == \&quot;required\&quot;\nassert(vars[\&quot;passed\&quot;].toString() == \&quot;true\&quot;)\nawait driver.close()&quot;,&quot;err&quot;:{},&quot;uuid&quot;:&quot;a74f0c83-cdf5-4110-b5ee-f3c72208a93b&quot;,&quot;parentUUID&quot;:&quot;513ce4b9-13cb-4518-a360-58481734c5c8&quot;,&quot;isHook&quot;:false,&quot;skipped&quot;:false}],&quot;suites&quot;:[],&quot;passes&quot;:[&quot;4c932b06-6963-4e8a-b9a9-ac0f6765b97b&quot;,&quot;dd79cc60-4722-4a91-8399-ec526cc33043&quot;,&quot;a74f0c83-cdf5-4110-b5ee-f3c72208a93b&quot;],&quot;failures&quot;:[&quot;146a14d9-1d60-418a-b612-01e2281ecc88&quot;,&quot;9508035c-8c5b-45b3-bc74-be1ae9986045&quot;,&quot;9e34f1ff-7e6c-49f7-9f33-a2616720c363&quot;,&quot;f17750ba-0515-49b1-addc-84f69a95adb2&quot;],&quot;pending&quot;:[],&quot;skipped&quot;:[],&quot;duration&quot;:21647,&quot;root&quot;:false,&quot;rootEmpty&quot;:false,&quot;_timeout&quot;:30000},{&quot;uuid&quot;:&quot;fa8e4170-0f99-4257-a6d5-51b8e4379d58&quot;,&quot;title&quot;:&quot;Username field tests&quot;,&quot;fullFile&quot;:&quot;C:\\Users\\miras\\Documents\\SoftwareQualityAndStandards\\automated tests\\test\\usernamefieldtests.spec.js&quot;,&quot;file&quot;:&quot;\\test\\usernamefieldtests.spec.js&quot;,&quot;beforeHooks&quot;:[{&quot;title&quot;:&quot;\&quot;before each\&quot; hook&quot;,&quot;fullTitle&quot;:&quot;Username field tests \&quot;before each\&quot; hook&quot;,&quot;timedOut&quot;:false,&quot;duration&quot;:4601,&quot;pass&quot;:false,&quot;fail&quot;:false,&quot;pending&quot;:false,&quot;code&quot;:&quot;driver = await new Builder().forBrowser(&#x27;chrome&#x27;).build()\nvars = {}&quot;,&quot;err&quot;:{},&quot;uuid&quot;:&quot;3e2a9aca-a59d-4af7-8421-f83056bda3cf&quot;,&quot;parentUUID&quot;:&quot;fa8e4170-0f99-4257-a6d5-51b8e4379d58&quot;,&quot;isHook&quot;:true,&quot;skipped&quot;:false}],&quot;afterHooks&quot;:[{&quot;title&quot;:&quot;\&quot;after each\&quot; hook&quot;,&quot;fullTitle&quot;:&quot;Username field tests \&quot;after each\&quot; hook&quot;,&quot;timedOut&quot;:false,&quot;duration&quot;:32,&quot;pass&quot;:false,&quot;fail&quot;:false,&quot;pending&quot;:false,&quot;code&quot;:&quot;await driver.quit();&quot;,&quot;err&quot;:{},&quot;uuid&quot;:&quot;34f2a993-ea93-4f7a-a90d-a3b6e6b6ec70&quot;,&quot;parentUUID&quot;:&quot;fa8e4170-0f99-4257-a6d5-51b8e4379d58&quot;,&quot;isHook&quot;:true,&quot;skipped&quot;:false}],&quot;tests&quot;:[{&quot;title&quot;:&quot;Username should not contain special characters&quot;,&quot;fullTitle&quot;:&quot;Username field tests Username should not contain special characters&quot;,&quot;timedOut&quot;:false,&quot;duration&quot;:3275,&quot;state&quot;:&quot;failed&quot;,&quot;pass&quot;:false,&quot;fail&quot;:true,&quot;pending&quot;:false,&quot;code&quot;:&quot;await driver.get(\&quot;http://142.93.168.34/account/register\&quot;)\nawait driver.findElement(By.css(\&quot;.op-modal--modal-container &gt; #new_user #user_login\&quot;)).click()\nawait driver.findElement(By.css(\&quot;.op-modal--modal-container &gt; #new_user #user_login\&quot;)).sendKeys(\&quot;naloceryd+!&amp;#\&quot;)\nawait driver.findElement(By.css(\&quot;.op-modal--modal-container &gt; #new_user #user_firstname\&quot;)).sendKeys(\&quot;Constance\&quot;)\nawait driver.findElement(By.css(\&quot;.op-modal--modal-container &gt; #new_user #user_lastname\&quot;)).sendKeys(\&quot;Richard\&quot;)\nawait driver.findElement(By.css(\&quot;.op-modal--modal-container &gt; #new_user #user_mail\&quot;)).sendKeys(\&quot;cirak@mailinator.com\&quot;)\nawait driver.findElement(By.css(\&quot;.op-modal--modal-container &gt; #new_user #user_password\&quot;)).sendKeys(\&quot;Pa$$w0rd!123\&quot;)\nawait driver.findElement(By.css(\&quot;.op-modal--modal-container &gt; #new_user #user_password_confirmation\&quot;)).sendKeys(\&quot;Pa$$w0rd!123\&quot;)\nawait driver.findElement(By.css(\&quot;.op-modal--modal-container &gt; #new_user .-highlight\&quot;)).click()\n{\n  const elements = await driver.findElements(By.css(\&quot;.op-modal--modal-container &gt; #new_user &gt; #errorExplanation li\&quot;))\n  assert(elements.length)\n}\nassert(await driver.findElement(By.css(\&quot;.op-modal--modal-container &gt; #new_user &gt; #errorExplanation li\&quot;)).getText() == \&quot;Username is invalid.\&quot;)\nawait driver.close()&quot;,&quot;err&quot;:{&quot;message&quot;:&quot;AssertionError [ERR_ASSERTION]: false == true&quot;,&quot;estack&quot;:&quot;AssertionError [ERR_ASSERTION]: false == true\n    at Context.&lt;anonymous&gt; (test\\usernamefieldtests.spec.js:30:5)\n    at process._tickCallback (internal/process/next_tick.js:68:7)&quot;,&quot;diff&quot;:&quot;- false\n+ true\n&quot;},&quot;uuid&quot;:&quot;2e420e7c-48a2-49d4-be78-309966954b13&quot;,&quot;parentUUID&quot;:&quot;fa8e4170-0f99-4257-a6d5-51b8e4379d58&quot;,&quot;isHook&quot;:false,&quot;skipped&quot;:false},{&quot;title&quot;:&quot;Username should not be blank&quot;,&quot;fullTitle&quot;:&quot;Username field tests Username should not be blank&quot;,&quot;timedOut&quot;:false,&quot;duration&quot;:2476,&quot;state&quot;:&quot;passed&quot;,&quot;speed&quot;:&quot;slow&quot;,&quot;pass&quot;:true,&quot;fail&quot;:false,&quot;pending&quot;:false,&quot;code&quot;:&quot;await driver.get(\&quot;http://142.93.168.34/account/register\&quot;)\nawait driver.findElement(By.css(\&quot;.op-modal--modal-container &gt; #new_user #user_firstname\&quot;)).sendKeys(\&quot;Jenette\&quot;)\nawait driver.findElement(By.css(\&quot;.op-modal--modal-container &gt; #new_user #user_lastname\&quot;)).sendKeys(\&quot;Cline\&quot;)\nawait driver.findElement(By.css(\&quot;.op-modal--modal-container &gt; #new_user #user_mail\&quot;)).sendKeys(\&quot;rabeful@mailinator.com\&quot;)\nawait driver.findElement(By.css(\&quot;.op-modal--modal-container &gt; #new_user #user_password\&quot;)).sendKeys(\&quot;password123\&quot;)\nawait driver.findElement(By.css(\&quot;.op-modal--modal-container &gt; #new_user #user_password_confirmation\&quot;)).sendKeys(\&quot;password123\&quot;)\nawait driver.findElement(By.css(\&quot;.op-modal--modal-container &gt; #new_user .-highlight\&quot;)).click()\n{\n  const attribute = await driver.findElement(By.css(\&quot;.op-modal--modal-container &gt; #new_user #user_login\&quot;)).getAttribute(\&quot;required\&quot;)\n  vars[\&quot;username_req_attr\&quot;] = attribute\n}\nvars[\&quot;passed\&quot;] = vars[\&quot;username_req_attr\&quot;] == \&quot;true\&quot; || vars[\&quot;username_req_attr\&quot;] == \&quot;required\&quot;\nassert(vars[\&quot;passed\&quot;].toString() == \&quot;true\&quot;)\nawait driver.close()&quot;,&quot;err&quot;:{},&quot;uuid&quot;:&quot;a1c64534-948d-445f-97a8-1909438c5bb6&quot;,&quot;parentUUID&quot;:&quot;fa8e4170-0f99-4257-a6d5-51b8e4379d58&quot;,&quot;isHook&quot;:false,&quot;skipped&quot;:false},{&quot;title&quot;:&quot;Username must not have less than four characters&quot;,&quot;fullTitle&quot;:&quot;Username field tests Username must not have less than four characters&quot;,&quot;timedOut&quot;:false,&quot;duration&quot;:3449,&quot;state&quot;:&quot;failed&quot;,&quot;pass&quot;:false,&quot;fail&quot;:true,&quot;pending&quot;:false,&quot;code&quot;:&quot;await driver.get(\&quot;http://142.93.168.34/account/register\&quot;)\nawait driver.findElement(By.css(\&quot;.op-modal--modal-container &gt; #new_user #user_login\&quot;)).sendKeys(\&quot;daf\&quot;)\nawait driver.findElement(By.css(\&quot;.op-modal--modal-container &gt; #new_user #user_firstname\&quot;)).sendKeys(\&quot;Ebony\&quot;)\nawait driver.findElement(By.css(\&quot;.op-modal--modal-container &gt; #new_user #user_lastname\&quot;)).sendKeys(\&quot;Fuller\&quot;)\nawait driver.findElement(By.css(\&quot;.op-modal--modal-container &gt; #new_user #user_mail\&quot;)).sendKeys(\&quot;lovydylu@mailinator.com\&quot;)\nawait driver.findElement(By.css(\&quot;.op-modal--modal-container &gt; #new_user #user_password\&quot;)).sendKeys(\&quot;Pa$$w0rd!123\&quot;)\nawait driver.findElement(By.css(\&quot;.op-modal--modal-container &gt; #new_user #user_password_confirmation\&quot;)).sendKeys(\&quot;Pa$$w0rd!123\&quot;)\nawait driver.findElement(By.css(\&quot;.op-modal--modal-container &gt; #new_user .-highlight\&quot;)).click()\n{\n  const elements = await driver.findElements(By.css(\&quot;.op-modal--modal-container &gt; #new_user &gt; #errorExplanation li\&quot;))\n  assert(elements.length)\n}\nassert(await driver.findElement(By.css(\&quot;.op-modal--modal-container &gt; #new_user &gt; #errorExplanation li\&quot;)).getText() == \&quot;Username is invalid.\&quot;)\nawait driver.close()&quot;,&quot;err&quot;:{&quot;message&quot;:&quot;AssertionError [ERR_ASSERTION]: false == true&quot;,&quot;estack&quot;:&quot;AssertionError [ERR_ASSERTION]: false == true\n    at Context.&lt;anonymous&gt; (test\\usernamefieldtests.spec.js:62:5)\n    at process._tickCallback (internal/process/next_tick.js:68:7)&quot;,&quot;diff&quot;:&quot;- false\n+ true\n&quot;},&quot;uuid&quot;:&quot;63a37a4e-6595-455f-9803-3a4a30e58180&quot;,&quot;parentUUID&quot;:&quot;fa8e4170-0f99-4257-a6d5-51b8e4379d58&quot;,&quot;isHook&quot;:false,&quot;skipped&quot;:false},{&quot;title&quot;:&quot;Username must not have greater than 30 characters&quot;,&quot;fullTitle&quot;:&quot;Username field tests Username must not have greater than 30 characters&quot;,&quot;timedOut&quot;:false,&quot;duration&quot;:3110,&quot;state&quot;:&quot;failed&quot;,&quot;pass&quot;:false,&quot;fail&quot;:true,&quot;pending&quot;:false,&quot;code&quot;:&quot;await driver.get(\&quot;http://142.93.168.34/account/register\&quot;)\nawait driver.findElement(By.css(\&quot;.op-modal--modal-container &gt; #new_user #user_login\&quot;)).sendKeys(\&quot;veryveryveryveryveryverylongusernametest\&quot;)\nawait driver.findElement(By.css(\&quot;.op-modal--modal-container &gt; #new_user #user_firstname\&quot;)).sendKeys(\&quot;Ebony\&quot;)\nawait driver.findElement(By.css(\&quot;.op-modal--modal-container &gt; #new_user #user_lastname\&quot;)).sendKeys(\&quot;Fuller\&quot;)\nawait driver.findElement(By.css(\&quot;.op-modal--modal-container &gt; #new_user #user_mail\&quot;)).sendKeys(\&quot;loternet@mailinator.com\&quot;)\nawait driver.findElement(By.css(\&quot;.op-modal--modal-container &gt; #new_user #user_password\&quot;)).sendKeys(\&quot;Pa$$w0rd!123\&quot;)\nawait driver.findElement(By.css(\&quot;.op-modal--modal-container &gt; #new_user #user_password_confirmation\&quot;)).sendKeys(\&quot;Pa$$w0rd!123\&quot;)\nawait driver.findElement(By.css(\&quot;.op-modal--modal-container &gt; #new_user .-highlight\&quot;)).click()\n{\n  const elements = await driver.findElements(By.css(\&quot;.op-modal--modal-container &gt; #new_user &gt; #errorExplanation li\&quot;))\n  assert(elements.length)\n}\nassert(await driver.findElement(By.css(\&quot;.op-modal--modal-container &gt; #new_user &gt; #errorExplanation li\&quot;)).getText() == \&quot;Username is invalid.\&quot;)\nawait driver.close()&quot;,&quot;err&quot;:{&quot;message&quot;:&quot;AssertionError [ERR_ASSERTION]: false == true&quot;,&quot;estack&quot;:&quot;AssertionError [ERR_ASSERTION]: false == true\n    at Context.&lt;anonymous&gt; (test\\usernamefieldtests.spec.js:78:5)\n    at process._tickCallback (internal/process/next_tick.js:68:7)&quot;,&quot;diff&quot;:&quot;- false\n+ true\n&quot;},&quot;uuid&quot;:&quot;a4a54e1a-975b-4b71-a5ed-6cec0c4298bb&quot;,&quot;parentUUID&quot;:&quot;fa8e4170-0f99-4257-a6d5-51b8e4379d58&quot;,&quot;isHook&quot;:false,&quot;skipped&quot;:false}],&quot;suites&quot;:[],&quot;passes&quot;:[&quot;a1c64534-948d-445f-97a8-1909438c5bb6&quot;],&quot;failures&quot;:[&quot;2e420e7c-48a2-49d4-be78-309966954b13&quot;,&quot;63a37a4e-6595-455f-9803-3a4a30e58180&quot;,&quot;a4a54e1a-975b-4b71-a5ed-6cec0c4298bb&quot;],&quot;pending&quot;:[],&quot;skipped&quot;:[],&quot;duration&quot;:12310,&quot;root&quot;:false,&quot;rootEmpty&quot;:false,&quot;_timeout&quot;:30000}],&quot;passes&quot;:[],&quot;failures&quot;:[],&quot;pending&quot;:[],&quot;skipped&quot;:[],&quot;duration&quot;:0,&quot;root&quot;:true,&quot;rootEmpty&quot;:true,&quot;_timeout&quot;:2000}],&quot;meta&quot;:{&quot;mocha&quot;:{&quot;version&quot;:&quot;6.2.2&quot;},&quot;mochawesome&quot;:{&quot;options&quot;:{&quot;quiet&quot;:false,&quot;reportFilename&quot;:&quot;mochawesome&quot;,&quot;saveHtml&quot;:true,&quot;saveJson&quot;:true,&quot;consoleReporter&quot;:&quot;spec&quot;,&quot;useInlineDiffs&quot;:false},&quot;version&quot;:&quot;4.1.0&quot;},&quot;marge&quot;:{&quot;version&quot;:&quot;4.0.1&quot;}}}" data-config="{&quot;reportFilename&quot;:&quot;mochawesome&quot;,&quot;reportDir&quot;:&quot;mochawesome-report&quot;,&quot;reportTitle&quot;:&quot;automated tests&quot;,&quot;reportPageTitle&quot;:&quot;Mochawesome Report&quot;,&quot;inline&quot;:false,&quot;inlineAssets&quot;:false,&quot;cdn&quot;:false,&quot;charts&quot;:false,&quot;enableCharts&quot;:false,&quot;code&quot;:true,&quot;enableCode&quot;:true,&quot;autoOpen&quot;:false,&quot;overwrite&quot;:true,&quot;timestamp&quot;:false,&quot;ts&quot;:false,&quot;showPassed&quot;:true,&quot;showFailed&quot;:true,&quot;showPending&quot;:true,&quot;showSkipped&quot;:false,&quot;showHooks&quot;:&quot;failed&quot;,&quot;saveJson&quot;:true,&quot;saveHtml&quot;:true,&quot;dev&quot;:false,&quot;assetsDir&quot;:&quot;mochawesome-report\\assets&quot;,&quot;jsonFile&quot;:&quot;C:\\Users\\miras\\Documents\\SoftwareQualityAndStandards\\automated tests\\mochawesome-report\\mochawesome.json&quot;,&quot;htmlFile&quot;:&quot;C:\\Users\\miras\\Documents\\SoftwareQualityAndStandards\\automated tests\\mochawesome-report\\mochawesome.html&quot;}"><div id="report"></div><script src="assets\app.js"></script></body></html>